handleCpuAcceleration: feature check for hvf
cannot add library /Users/dsa/Library/Android/sdk/emulator/qemu/darwin-x86_64/lib64/vulkan/libvulkan.dylib: failed
added library /Users/dsa/Library/Android/sdk/emulator/lib64/vulkan/libvulkan.dylib
cannot add library /Users/dsa/Library/Android/sdk/emulator/qemu/darwin-x86_64/lib64/vulkan/libMoltenVK.dylib: failed
emulator: WARNING: Running on a system with less than 6 logical cores. Setting number of virtual cores to 1
added library /Users/dsa/Library/Android/sdk/emulator/lib64/vulkan/libMoltenVK.dylib
emulator: INFO: GrpcServices.cpp:315: Started GRPC server at 127.0.0.1:8554, security: Local
emulator: INFO: EmulatorAdvertisement.cpp:93: Advertising in: /Users/dsa/Library/Caches/TemporaryItems/avd/running/pid_45545.ini
emulator: WARNING: Discarding the changed state (command-line flag).
emulator: INFO: QtLogger.cpp:68: Warning: Failed to get QCocoaScreen for NSObject(0x0) ((null):0, (null))


nohup: /emulator/emulator: No such file or directory
nohup: /emulator/emulator: No such file or directory
nohup: /emulator/emulator: No such file or directory
nohup: /emulator/emulator: No such file or directory
handleCpuAcceleration: feature check for hvf
cannot add library /Users/dsa/Library/Android/sdk/emulator/qemu/darwin-x86_64/lib64/vulkan/libvulkan.dylib: failed
added library /Users/dsa/Library/Android/sdk/emulator/lib64/vulkan/libvulkan.dylib
emulator: WARNING: Running on a system with less than 6 logical cores. Setting number of virtual cores to 1
emulator: feeding guest with passive gps data, in headless mode
emulator: INFO: GrpcServices.cpp:315: Started GRPC server at 127.0.0.1:8554, security: Local
emulator: INFO: EmulatorAdvertisement.cpp:93: Advertising in: /Users/dsa/Library/Caches/TemporaryItems/avd/running/pid_51146.ini
emulator: Cold boot: requested by the user
Your emulator is out of date, please update by launching Android Studio:
 - Start Android Studio
 - Select menu "Tools > Android > SDK Manager"
 - Click "SDK Tools" tab
 - Check "Android Emulator" checkbox
 - Click "OK"

emulator: Discarding the changed state: command-line flag
emulator: WARNING: Discarding the changed state (command-line flag).
handleCpuAcceleration: feature check for hvf
cannot add library /Users/dsa/Library/Android/sdk/emulator/qemu/darwin-x86_64/lib64/vulkan/libvulkan.dylib: failed
added library /Users/dsa/Library/Android/sdk/emulator/lib64/vulkan/libvulkan.dylib
emulator: WARNING: Running on a system with less than 6 logical cores. Setting number of virtual cores to 1
emulator: feeding guest with passive gps data, in headless mode
emulator: INFO: GrpcServices.cpp:315: Started GRPC server at 127.0.0.1:8554, security: Local
emulator: INFO: EmulatorAdvertisement.cpp:93: Advertising in: /Users/dsa/Library/Caches/TemporaryItems/avd/running/pid_51252.ini
emulator: Cold boot: requested by the user
emulator: Discarding the changed state: command-line flag
emulator: WARNING: Discarding the changed state (command-line flag).
handleCpuAcceleration: feature check for hvf
cannot add library /Users/dsa/Library/Android/sdk/emulator/qemu/darwin-x86_64/lib64/vulkan/libvulkan.dylib: failed
added library /Users/dsa/Library/Android/sdk/emulator/lib64/vulkan/libvulkan.dylib
emulator: WARNING: Running on a system with less than 6 logical cores. Setting number of virtual cores to 1
emulator: feeding guest with passive gps data, in headless mode
emulator: INFO: GrpcServices.cpp:315: Started GRPC server at 127.0.0.1:8554, security: Local
emulator: INFO: EmulatorAdvertisement.cpp:93: Advertising in: /Users/dsa/Library/Caches/TemporaryItems/avd/running/pid_51272.ini
emulator: Cold boot: requested by the user
emulator: Discarding the changed state: command-line flag
emulator: WARNING: Discarding the changed state (command-line flag).
handleCpuAcceleration: feature check for hvf
cannot add library /Users/dsa/Library/Android/sdk/emulator/qemu/darwin-x86_64/lib64/vulkan/libvulkan.dylib: failed
added library /Users/dsa/Library/Android/sdk/emulator/lib64/vulkan/libvulkan.dylib
cannot add library /Users/dsa/Library/Android/sdk/emulator/qemu/darwin-x86_64/lib64/vulkan/libMoltenVK.dylib: failed
emulator: WARNING: Running on a system with less than 6 logical cores. Setting number of virtual cores to 1
added library /Users/dsa/Library/Android/sdk/emulator/lib64/vulkan/libMoltenVK.dylib
emulator: INFO: GrpcServices.cpp:315: Started GRPC server at 127.0.0.1:8554, security: Local
emulator: INFO: EmulatorAdvertisement.cpp:93: Advertising in: /Users/dsa/Library/Caches/TemporaryItems/avd/running/pid_51308.ini
emulator: INFO: boot completed
emulator: INFO: boot time 53413 ms
emulator: Increasing screen off timeout, logcat buffer size to 2M.
emulator: Revoking microphone permissions for Google App.
emulator: WARNING: Discarding the changed state (command-line flag).
emulator: INFO: QtLogger.cpp:68: Warning: Failed to get QCocoaScreen for NSObject(0x0) ((null):0, (null))


handleCpuAcceleration: feature check for hvf
cannot add library /Users/dsa/Library/Android/sdk/emulator/qemu/darwin-x86_64/lib64/vulkan/libvulkan.dylib: failed
added library /Users/dsa/Library/Android/sdk/emulator/lib64/vulkan/libvulkan.dylib
cannot add library /Users/dsa/Library/Android/sdk/emulator/qemu/darwin-x86_64/lib64/vulkan/libMoltenVK.dylib: failed
emulator: WARNING: Running on a system with less than 6 logical cores. Setting number of virtual cores to 1
added library /Users/dsa/Library/Android/sdk/emulator/lib64/vulkan/libMoltenVK.dylib
emulator: INFO: GrpcServices.cpp:315: Started GRPC server at 127.0.0.1:8554, security: Local
emulator: INFO: EmulatorAdvertisement.cpp:93: Advertising in: /Users/dsa/Library/Caches/TemporaryItems/avd/running/pid_51380.ini
emulator: INFO: boot completed
emulator: INFO: boot time 68712 ms
emulator: Increasing screen off timeout, logcat buffer size to 2M.
emulator: Revoking microphone permissions for Google App.
emulator: WARNING: Discarding the changed state (command-line flag).
emulator: INFO: QtLogger.cpp:68: Warning: Failed to get QCocoaScreen for NSObject(0x0) ((null):0, (null))


nohup: /emulator/emulator: No such file or directory
handleCpuAcceleration: feature check for hvf
cannot add library /Users/dsa/Library/Android/sdk/emulator/qemu/darwin-x86_64/lib64/vulkan/libvulkan.dylib: failed
added library /Users/dsa/Library/Android/sdk/emulator/lib64/vulkan/libvulkan.dylib
cannot add library /Users/dsa/Library/Android/sdk/emulator/qemu/darwin-x86_64/lib64/vulkan/libMoltenVK.dylib: failed
emulator: WARNING: Running on a system with less than 6 logical cores. Setting number of virtual cores to 1
added library /Users/dsa/Library/Android/sdk/emulator/lib64/vulkan/libMoltenVK.dylib
emulator: INFO: GrpcServices.cpp:315: Started GRPC server at 127.0.0.1:8554, security: Local
emulator: INFO: EmulatorAdvertisement.cpp:93: Advertising in: /Users/dsa/Library/Caches/TemporaryItems/avd/running/pid_51454.ini
emulator: WARNING: Discarding the changed state (command-line flag).
emulator: INFO: QtLogger.cpp:68: Warning: Failed to get QCocoaScreen for NSObject(0x0) ((null):0, (null))


handleCpuAcceleration: feature check for hvf
cannot add library /Users/dsa/Library/Android/sdk/emulator/qemu/darwin-x86_64/lib64/vulkan/libvulkan.dylib: failed
added library /Users/dsa/Library/Android/sdk/emulator/lib64/vulkan/libvulkan.dylib
cannot add library /Users/dsa/Library/Android/sdk/emulator/qemu/darwin-x86_64/lib64/vulkan/libMoltenVK.dylib: failed
emulator: WARNING: Running on a system with less than 6 logical cores. Setting number of virtual cores to 1
added library /Users/dsa/Library/Android/sdk/emulator/lib64/vulkan/libMoltenVK.dylib
emulator: INFO: GrpcServices.cpp:315: Started GRPC server at 127.0.0.1:8554, security: Local
emulator: INFO: EmulatorAdvertisement.cpp:93: Advertising in: /Users/dsa/Library/Caches/TemporaryItems/avd/running/pid_51490.ini
emulator: INFO: boot completed
emulator: INFO: boot time 54069 ms
emulator: Increasing screen off timeout, logcat buffer size to 2M.
emulator: Revoking microphone permissions for Google App.
emulator: WARNING: Discarding the changed state (command-line flag).
emulator: INFO: QtLogger.cpp:68: Warning: Failed to get QCocoaScreen for NSObject(0x0) ((null):0, (null))


handleCpuAcceleration: feature check for hvf
cannot add library /Users/dsa/Library/Android/sdk/emulator/qemu/darwin-x86_64/lib64/vulkan/libvulkan.dylib: failed
added library /Users/dsa/Library/Android/sdk/emulator/lib64/vulkan/libvulkan.dylib
cannot add library /Users/dsa/Library/Android/sdk/emulator/qemu/darwin-x86_64/lib64/vulkan/libMoltenVK.dylib: failed
emulator: WARNING: Running on a system with less than 6 logical cores. Setting number of virtual cores to 1
added library /Users/dsa/Library/Android/sdk/emulator/lib64/vulkan/libMoltenVK.dylib
emulator: INFO: GrpcServices.cpp:315: Started GRPC server at 127.0.0.1:8554, security: Local
emulator: INFO: EmulatorAdvertisement.cpp:93: Advertising in: /Users/dsa/Library/Caches/TemporaryItems/avd/running/pid_51704.ini
emulator: INFO: boot completed
emulator: INFO: boot time 58646 ms
emulator: Increasing screen off timeout, logcat buffer size to 2M.
emulator: Revoking microphone permissions for Google App.
emulator: ERROR: Running multiple emulators with the same AVD is an experimental feature.
Please use -read-only flag to enable this feature.

emulator: WARNING: Discarding the changed state (command-line flag).
emulator: INFO: QtLogger.cpp:68: Warning: Failed to get QCocoaScreen for NSObject(0x0) ((null):0, (null))


handleCpuAcceleration: feature check for hvf
cannot add library /Users/dsa/Library/Android/sdk/emulator/qemu/darwin-x86_64/lib64/vulkan/libvulkan.dylib: failed
added library /Users/dsa/Library/Android/sdk/emulator/lib64/vulkan/libvulkan.dylib
cannot add library /Users/dsa/Library/Android/sdk/emulator/qemu/darwin-x86_64/lib64/vulkan/libMoltenVK.dylib: failed
emulator: WARNING: Running on a system with less than 6 logical cores. Setting number of virtual cores to 1
added library /Users/dsa/Library/Android/sdk/emulator/lib64/vulkan/libMoltenVK.dylib
emulator: INFO: GrpcServices.cpp:315: Started GRPC server at 127.0.0.1:8554, security: Local
emulator: INFO: EmulatorAdvertisement.cpp:93: Advertising in: /Users/dsa/Library/Caches/TemporaryItems/avd/running/pid_52010.ini
emulator: INFO: QtLogger.cpp:68: Critical: Uncaught TypeError: Cannot read property 'update' of undefined (qrc:/html/js/location-mock-web-channel.js:130, (null))


emulator: WARNING: Discarding the changed state (command-line flag).
emulator: INFO: QtLogger.cpp:68: Warning: Failed to get QCocoaScreen for NSObject(0x0) ((null):0, (null))


handleCpuAcceleration: feature check for hvf
cannot add library /Users/dsa/Library/Android/sdk/emulator/qemu/darwin-x86_64/lib64/vulkan/libvulkan.dylib: failed
added library /Users/dsa/Library/Android/sdk/emulator/lib64/vulkan/libvulkan.dylib
cannot add library /Users/dsa/Library/Android/sdk/emulator/qemu/darwin-x86_64/lib64/vulkan/libMoltenVK.dylib: failed
emulator: WARNING: Running on a system with less than 6 logical cores. Setting number of virtual cores to 1
added library /Users/dsa/Library/Android/sdk/emulator/lib64/vulkan/libMoltenVK.dylib
emulator: INFO: GrpcServices.cpp:315: Started GRPC server at 127.0.0.1:8554, security: Local
emulator: INFO: EmulatorAdvertisement.cpp:93: Advertising in: /Users/dsa/Library/Caches/TemporaryItems/avd/running/pid_52042.ini
